[0413/173929.008:ERROR:process_reader_win.cc(123)] NtOpenThread: {Access Denied} A process has requested access to an object, but has not been granted those access rights. (0xc0000022)
[0413/173929.011:ERROR:exception_snapshot_win.cc(98)] thread ID 24524 not found in process
[0413/173929.208:ERROR:process_reader_win.cc(123)] NtOpenThread: {Access Denied} A process has requested access to an object, but has not been granted those access rights. (0xc0000022)
[0413/173929.208:ERROR:exception_snapshot_win.cc(98)] thread ID 23396 not found in process
[0422/132842.644:ERROR:process_reader_win.cc(123)] NtOpenThread: {Access Denied} A process has requested access to an object, but has not been granted those access rights. (0xc0000022)
[0422/132842.648:ERROR:exception_snapshot_win.cc(98)] thread ID 26860 not found in process
[0422/132842.743:ERROR:process_reader_win.cc(151)] SuspendThread: Access is denied. (0x5)
[0422/132842.743:ERROR:process_reader_win.cc(123)] NtOpenThread: {Access Denied} A process has requested access to an object, but has not been granted those access rights. (0xc0000022)
[0422/132842.743:ERROR:exception_snapshot_win.cc(98)] thread ID 30548 not found in process
[0428/200506.804:ERROR:process_reader_win.cc(123)] NtOpenThread: {Access Denied} A process has requested access to an object, but has not been granted those access rights. (0xc0000022)
[0428/200506.804:ERROR:exception_snapshot_win.cc(98)] thread ID 19588 not found in process
[0429/102858.333:ERROR:process_reader_win.cc(123)] NtOpenThread: {Access Denied} A process has requested access to an object, but has not been granted those access rights. (0xc0000022)
[0429/102858.349:ERROR:exception_snapshot_win.cc(98)] thread ID 21076 not found in process
[0429/102858.409:ERROR:process_reader_win.cc(123)] NtOpenThread: {Access Denied} A process has requested access to an object, but has not been granted those access rights. (0xc0000022)
[0429/102858.409:ERROR:exception_snapshot_win.cc(98)] thread ID 6128 not found in process
[0429/103008.144:ERROR:process_reader_win.cc(123)] NtOpenThread: {Access Denied} A process has requested access to an object, but has not been granted those access rights. (0xc0000022)
[0429/103008.161:ERROR:exception_snapshot_win.cc(98)] thread ID 23044 not found in process
[0429/103008.271:ERROR:process_reader_win.cc(123)] NtOpenThread: {Access Denied} A process has requested access to an object, but has not been granted those access rights. (0xc0000022)
[0429/103008.271:ERROR:exception_snapshot_win.cc(98)] thread ID 23148 not found in process
[0429/114521.486:ERROR:process_reader_win.cc(123)] NtOpenThread: {Access Denied} A process has requested access to an object, but has not been granted those access rights. (0xc0000022)
[0429/114521.491:ERROR:exception_snapshot_win.cc(98)] thread ID 21516 not found in process
[0429/114521.647:ERROR:process_reader_win.cc(123)] NtOpenThread: {Access Denied} A process has requested access to an object, but has not been granted those access rights. (0xc0000022)
[0429/114521.647:ERROR:exception_snapshot_win.cc(98)] thread ID 18324 not found in process
[0513/141231.953:ERROR:process_reader_win.cc(123)] NtOpenThread: {Access Denied} A process has requested access to an object, but has not been granted those access rights. (0xc0000022)
[0513/141231.958:ERROR:exception_snapshot_win.cc(98)] thread ID 9324 not found in process
[0513/141232.097:ERROR:process_reader_win.cc(123)] NtOpenThread: {Access Denied} A process has requested access to an object, but has not been granted those access rights. (0xc0000022)
[0513/141232.097:ERROR:exception_snapshot_win.cc(98)] thread ID 2476 not found in process
[0513/141232.246:ERROR:process_reader_win.cc(123)] NtOpenThread: {Access Denied} A process has requested access to an object, but has not been granted those access rights. (0xc0000022)
[0513/141232.249:ERROR:exception_snapshot_win.cc(98)] thread ID 9512 not found in process
[0513/141232.400:ERROR:process_reader_win.cc(123)] NtOpenThread: {Access Denied} A process has requested access to an object, but has not been granted those access rights. (0xc0000022)
[0513/141232.401:ERROR:exception_snapshot_win.cc(98)] thread ID 7568 not found in process
[0527/222806.923:ERROR:process_info.cc(329)] VirtualQueryEx: Access is denied. (0x5)
[0527/222806.926:ERROR:process_info.cc(556)] ReadMemoryInfo failed
[0527/222806.926:ERROR:scoped_process_suspend.cc(40)] NtResumeProcess: An attempt was made to access an exiting process. (0xc000010a)
